[2020-06-30T11:46:04.310] [DEBUG] cheese - login => username:admin,password:123456
[2020-06-30T11:46:04.313] [DEBUG] cheese - admin
[2020-06-30T11:46:04.330] [DEBUG] cheese - null
[2020-06-30T11:46:04.330] [DEBUG] cheese - null
[2020-06-30T16:26:45.202] [DEBUG] cheese - login => username:admin,password:123456
[2020-06-30T16:26:45.205] [DEBUG] cheese - admin
[2020-06-30T16:26:45.234] [DEBUG] cheese - null
[2020-06-30T16:26:45.235] [DEBUG] cheese - null
[2020-06-30T16:27:25.732] [DEBUG] cheese - login => username:admin,password:123456
[2020-06-30T16:27:25.732] [DEBUG] cheese - admin
[2020-06-30T16:27:25.738] [DEBUG] cheese - null
[2020-06-30T16:27:25.738] [DEBUG] cheese - null
[2020-06-30T16:27:30.920] [DEBUG] cheese - login => username:admin,password:123456
[2020-06-30T16:27:30.920] [DEBUG] cheese - admin
[2020-06-30T16:27:30.923] [DEBUG] cheese - null
[2020-06-30T16:27:30.923] [DEBUG] cheese - null
[2020-06-30T16:31:16.157] [DEBUG] cheese - login => username:admin,password:123456
[2020-06-30T16:31:16.158] [DEBUG] cheese - admin
[2020-06-30T16:31:16.164] [DEBUG] cheese - null
[2020-06-30T16:31:16.164] [DEBUG] cheese - null
[2020-06-30T16:31:56.582] [DEBUG] cheese - login => username:admin,password:123456
[2020-06-30T16:31:56.583] [DEBUG] cheese - admin
[2020-06-30T16:31:56.589] [DEBUG] cheese - null
[2020-06-30T16:31:56.589] [DEBUG] cheese - null
[2020-06-30T16:36:09.063] [DEBUG] cheese - login => username:admin,password:123456
[2020-06-30T16:36:09.063] [DEBUG] cheese - admin
[2020-06-30T16:36:09.069] [DEBUG] cheese - null
[2020-06-30T16:36:09.069] [DEBUG] cheese - null
[2020-06-30T16:36:36.436] [DEBUG] cheese - login => username:admin,password:123456
[2020-06-30T16:36:36.436] [DEBUG] cheese - admin
[2020-06-30T16:36:36.439] [DEBUG] cheese - null
[2020-06-30T16:36:36.440] [DEBUG] cheese - null
[2020-06-30T17:52:17.190] [DEBUG] cheese - login => username:admin,password:123456
[2020-06-30T17:52:17.192] [DEBUG] cheese - admin
[2020-06-30T17:52:17.201] [DEBUG] cheese - null
[2020-06-30T17:52:17.202] [DEBUG] cheese - null
[2020-06-30T17:52:58.923] [DEBUG] cheese - login => username:admin,password:123456
[2020-06-30T17:52:58.923] [DEBUG] cheese - admin
[2020-06-30T17:52:58.928] [DEBUG] cheese - null
[2020-06-30T17:52:58.929] [DEBUG] cheese - null
[2020-06-30T17:53:11.446] [DEBUG] cheese - login => username:admin,password:123456
[2020-06-30T17:53:11.447] [DEBUG] cheese - admin
[2020-06-30T17:53:11.450] [DEBUG] cheese - null
[2020-06-30T17:53:11.450] [DEBUG] cheese - null
[2020-06-30T17:53:51.786] [DEBUG] cheese - login => username:admin,password:123456
[2020-06-30T17:53:51.786] [DEBUG] cheese - admin
[2020-06-30T17:53:51.789] [DEBUG] cheese - null
[2020-06-30T17:53:51.790] [DEBUG] cheese - null
[2020-06-30T17:55:15.569] [DEBUG] cheese - login => username:admin,password:123456
[2020-06-30T17:55:15.569] [DEBUG] cheese - admin
[2020-06-30T17:55:15.573] [DEBUG] cheese - null
[2020-06-30T17:55:15.573] [DEBUG] cheese - null
[2020-06-30T17:55:19.083] [DEBUG] cheese - login => username:admin12,password:123456
[2020-06-30T17:55:19.083] [DEBUG] cheese - admin12
[2020-06-30T17:55:19.093] [DEBUG] cheese - null
[2020-06-30T17:55:19.094] [DEBUG] cheese - null
[2020-06-30T17:55:42.280] [DEBUG] cheese - login => username:a,password:123456
[2020-06-30T17:55:42.280] [DEBUG] cheese - a
[2020-06-30T17:55:42.284] [DEBUG] cheese - null
[2020-06-30T17:55:42.284] [DEBUG] cheese - null
[2020-06-30T17:55:46.780] [DEBUG] cheese - login => username:a,password:a
[2020-06-30T17:55:46.780] [DEBUG] cheese - a
[2020-06-30T17:55:46.783] [DEBUG] cheese - null
[2020-06-30T17:55:46.783] [DEBUG] cheese - null
[2020-06-30T17:56:46.836] [DEBUG] cheese - login => username:admin,password:admin
[2020-06-30T17:56:46.837] [DEBUG] cheese - admin
[2020-06-30T17:56:46.841] [DEBUG] cheese - null
[2020-06-30T17:56:46.841] [DEBUG] cheese - null
[2020-06-30T17:57:01.616] [DEBUG] cheese - login => username:admin,password:admin
[2020-06-30T17:57:01.616] [DEBUG] cheese - admin
[2020-06-30T17:57:01.620] [DEBUG] cheese - null
[2020-06-30T17:57:01.620] [DEBUG] cheese - null
[2020-06-30T17:57:09.976] [DEBUG] cheese - login => username:admin,password:123456
[2020-06-30T17:57:09.976] [DEBUG] cheese - admin
[2020-06-30T17:57:09.979] [DEBUG] cheese - null
[2020-06-30T17:57:09.979] [DEBUG] cheese - null
[2020-06-30T17:58:55.005] [DEBUG] cheese - login => username:asdasda,password:sdasdasd
[2020-06-30T17:58:55.005] [DEBUG] cheese - asdasda
[2020-06-30T17:58:55.008] [DEBUG] cheese - null
[2020-06-30T17:58:55.008] [DEBUG] cheese - null
[2020-06-30T17:59:04.346] [DEBUG] cheese - login => username:admin,password:123456
[2020-06-30T17:59:04.346] [DEBUG] cheese - admin
[2020-06-30T17:59:04.349] [DEBUG] cheese - null
[2020-06-30T17:59:04.349] [DEBUG] cheese - null
[2020-07-01T12:04:00.040] [DEBUG] cheese - login => username:admin,password:123456
[2020-07-01T12:04:00.042] [DEBUG] cheese - admin
[2020-07-01T12:04:00.069] [DEBUG] cheese - null
[2020-07-01T12:04:00.069] [DEBUG] cheese - null
[2020-07-01T12:39:32.994] [DEBUG] cheese - login => username:admin,password:123456
[2020-07-01T12:39:32.994] [DEBUG] cheese - admin
[2020-07-01T12:39:32.999] [DEBUG] cheese - null
[2020-07-01T12:39:32.999] [DEBUG] cheese - null
[2020-07-01T16:39:13.439] [DEBUG] cheese - login => username:admin,password:123456
[2020-07-01T16:39:13.442] [DEBUG] cheese - admin
[2020-07-01T16:39:13.475] [DEBUG] cheese - null
[2020-07-01T16:39:13.476] [DEBUG] cheese - null
[2020-07-01T16:41:35.931] [DEBUG] cheese - login => username:admin,password:admin
[2020-07-01T16:41:35.931] [DEBUG] cheese - admin
[2020-07-01T16:41:35.936] [DEBUG] cheese - null
[2020-07-01T16:41:35.936] [DEBUG] cheese - null
[2020-07-01T16:41:40.283] [DEBUG] cheese - login => username:admin,password:123456
[2020-07-01T16:41:40.283] [DEBUG] cheese - admin
[2020-07-01T16:41:40.286] [DEBUG] cheese - null
[2020-07-01T16:41:40.286] [DEBUG] cheese - null
[2020-07-01T16:42:41.415] [DEBUG] cheese - login => username:admin,password:admin
[2020-07-01T16:42:41.415] [DEBUG] cheese - admin
[2020-07-01T16:42:41.419] [DEBUG] cheese - null
[2020-07-01T16:42:41.419] [DEBUG] cheese - null
[2020-07-01T16:43:01.597] [DEBUG] cheese - login => username:admin,password:admin
[2020-07-01T16:43:01.597] [DEBUG] cheese - admin
[2020-07-01T16:43:01.601] [DEBUG] cheese - null
[2020-07-01T16:43:01.601] [DEBUG] cheese - null
[2020-07-01T16:43:21.633] [DEBUG] cheese - login => username:admin,password:123456
[2020-07-01T16:43:21.633] [DEBUG] cheese - admin
[2020-07-01T16:43:21.638] [DEBUG] cheese - null
[2020-07-01T16:43:21.638] [DEBUG] cheese - null
[2020-07-01T16:43:46.945] [DEBUG] cheese - login => username:admin,password:admin
[2020-07-01T16:43:46.945] [DEBUG] cheese - admin
[2020-07-01T16:43:46.950] [DEBUG] cheese - null
[2020-07-01T16:43:46.950] [DEBUG] cheese - null
[2020-07-01T16:43:59.128] [DEBUG] cheese - login => username:admin,password:sldkjlskdf
[2020-07-01T16:43:59.128] [DEBUG] cheese - admin
[2020-07-01T16:43:59.133] [DEBUG] cheese - null
[2020-07-01T16:43:59.133] [DEBUG] cheese - null
[2020-07-01T16:44:25.847] [DEBUG] cheese - login => username:admin,password:sldkjlskdf
[2020-07-01T16:44:25.847] [DEBUG] cheese - admin
[2020-07-01T16:44:25.851] [DEBUG] cheese - null
[2020-07-01T16:44:25.851] [DEBUG] cheese - null
[2020-07-01T16:44:26.391] [DEBUG] cheese - login => username:admin,password:sldkjlskdf
[2020-07-01T16:44:26.391] [DEBUG] cheese - admin
[2020-07-01T16:44:26.394] [DEBUG] cheese - null
[2020-07-01T16:44:26.394] [DEBUG] cheese - null
[2020-07-01T16:44:26.659] [DEBUG] cheese - login => username:admin,password:sldkjlskdf
[2020-07-01T16:44:26.659] [DEBUG] cheese - admin
[2020-07-01T16:44:26.663] [DEBUG] cheese - null
[2020-07-01T16:44:26.663] [DEBUG] cheese - null
[2020-07-01T16:44:26.991] [DEBUG] cheese - login => username:admin,password:sldkjlskdf
[2020-07-01T16:44:26.991] [DEBUG] cheese - admin
[2020-07-01T16:44:26.995] [DEBUG] cheese - null
[2020-07-01T16:44:26.996] [DEBUG] cheese - null
[2020-07-01T16:44:50.963] [DEBUG] cheese - login => username:asdasd,password:123123123
[2020-07-01T16:44:50.963] [DEBUG] cheese - asdasd
[2020-07-01T16:44:50.966] [DEBUG] cheese - null
[2020-07-01T16:44:50.966] [DEBUG] cheese - null
[2020-07-01T16:44:53.037] [DEBUG] cheese - login => username:asdasd,password:123123123
[2020-07-01T16:44:53.037] [DEBUG] cheese - asdasd
[2020-07-01T16:44:53.041] [DEBUG] cheese - null
[2020-07-01T16:44:53.041] [DEBUG] cheese - null
[2020-07-01T16:45:14.154] [DEBUG] cheese - login => username:admin,password:123456
[2020-07-01T16:45:14.154] [DEBUG] cheese - admin
[2020-07-01T16:45:14.158] [DEBUG] cheese - null
[2020-07-01T16:45:14.158] [DEBUG] cheese - null
[2020-07-01T16:45:45.273] [DEBUG] cheese - login => username:admin,password:123456
[2020-07-01T16:45:45.274] [DEBUG] cheese - admin
[2020-07-01T16:45:45.278] [DEBUG] cheese - null
[2020-07-01T16:45:45.278] [DEBUG] cheese - null
[2020-07-01T16:46:01.758] [DEBUG] cheese - login => username:admin,password:123456
[2020-07-01T16:46:01.759] [DEBUG] cheese - admin
[2020-07-01T16:46:01.763] [DEBUG] cheese - null
[2020-07-01T16:46:01.763] [DEBUG] cheese - null
[2020-07-01T16:46:44.202] [DEBUG] cheese - login => username:admin,password:123456
[2020-07-01T16:46:44.202] [DEBUG] cheese - admin
[2020-07-01T16:46:44.206] [DEBUG] cheese - null
[2020-07-01T16:46:44.206] [DEBUG] cheese - null
[2020-07-01T16:51:06.294] [DEBUG] cheese - login => username:admin,password:123456
[2020-07-01T16:51:06.294] [DEBUG] cheese - admin
[2020-07-01T16:51:06.299] [DEBUG] cheese - null
[2020-07-01T16:51:06.299] [DEBUG] cheese - null
[2020-07-01T16:52:01.916] [DEBUG] cheese - login => username:admin,password:123456
[2020-07-01T16:52:01.917] [DEBUG] cheese - admin
[2020-07-01T16:52:01.921] [DEBUG] cheese - null
[2020-07-01T16:52:01.921] [DEBUG] cheese - null
[2020-07-01T16:52:17.627] [DEBUG] cheese - login => username:admin,password:123456
[2020-07-01T16:52:17.627] [DEBUG] cheese - admin
[2020-07-01T16:52:17.632] [DEBUG] cheese - null
[2020-07-01T16:52:17.632] [DEBUG] cheese - null
[2020-07-01T16:52:45.496] [DEBUG] cheese - login => username:admin,password:123456
[2020-07-01T16:52:45.496] [DEBUG] cheese - admin
[2020-07-01T16:52:45.500] [DEBUG] cheese - null
[2020-07-01T16:52:45.500] [DEBUG] cheese - null
[2020-07-01T17:13:10.432] [DEBUG] cheese - login => username:admin,password:123456
[2020-07-01T17:13:10.432] [DEBUG] cheese - admin
[2020-07-01T17:13:10.436] [DEBUG] cheese - null
[2020-07-01T17:13:10.436] [DEBUG] cheese - null
[2020-07-01T17:13:51.639] [DEBUG] cheese - login => username:admin,password:123456
[2020-07-01T17:13:51.640] [DEBUG] cheese - admin
[2020-07-01T17:13:51.643] [DEBUG] cheese - null
[2020-07-01T17:13:51.643] [DEBUG] cheese - null
[2020-07-01T17:16:02.171] [DEBUG] cheese - login => username:admin,password:123456
[2020-07-01T17:16:02.172] [DEBUG] cheese - admin
[2020-07-01T17:16:02.175] [DEBUG] cheese - null
[2020-07-01T17:16:02.175] [DEBUG] cheese - null
[2020-07-01T17:27:22.035] [DEBUG] cheese - login => username:admin,password:123456
[2020-07-01T17:27:22.035] [DEBUG] cheese - admin
[2020-07-01T17:27:22.039] [DEBUG] cheese - null
[2020-07-01T17:27:22.039] [DEBUG] cheese - null
[2020-07-02T11:21:59.946] [DEBUG] cheese - login => username:admin,password:123456
[2020-07-02T11:21:59.950] [DEBUG] cheese - admin
[2020-07-02T11:21:59.985] [DEBUG] cheese - null
[2020-07-02T11:21:59.985] [DEBUG] cheese - null
[2020-12-03T15:31:12.864] [DEBUG] cheese - login => username:admin,password:123456
[2020-12-03T15:31:12.867] [DEBUG] cheese - admin
[2020-12-03T15:31:12.901] [DEBUG] cheese - null
[2020-12-03T15:31:12.902] [DEBUG] cheese - null
[2020-12-03T15:56:58.863] [DEBUG] cheese - login => username:admin,password:123456
[2020-12-03T15:56:58.863] [DEBUG] cheese - admin
[2020-12-03T15:56:58.893] [DEBUG] cheese - null
[2020-12-03T15:56:58.893] [DEBUG] cheese - null
[2020-12-03T15:59:01.759] [DEBUG] cheese - login => username:admin,password:123456
[2020-12-03T15:59:01.759] [DEBUG] cheese - admin
[2020-12-03T15:59:01.765] [DEBUG] cheese - null
[2020-12-03T15:59:01.765] [DEBUG] cheese - null
[2020-12-03T15:59:10.275] [DEBUG] cheese - login => username:admin,password:123456
[2020-12-03T15:59:10.275] [DEBUG] cheese - admin
[2020-12-03T15:59:10.294] [DEBUG] cheese - null
[2020-12-03T15:59:10.294] [DEBUG] cheese - null
[2020-12-03T17:50:11.578] [DEBUG] cheese - login => username:admin,password:123456
[2020-12-03T17:50:11.579] [DEBUG] cheese - admin
[2020-12-03T17:50:11.613] [DEBUG] cheese - null
[2020-12-03T17:50:11.613] [DEBUG] cheese - null
[2020-12-03T17:51:06.577] [DEBUG] cheese - login => username:123,password:123123
[2020-12-03T17:51:06.578] [DEBUG] cheese - 123
[2020-12-03T17:51:06.584] [DEBUG] cheese - null
[2020-12-03T17:51:06.584] [DEBUG] cheese - null
[2020-12-03T17:52:16.560] [DEBUG] cheese - login => username:123,password:123123
[2020-12-03T17:52:16.561] [DEBUG] cheese - 123
[2020-12-03T17:52:16.563] [DEBUG] cheese - null
[2020-12-03T17:52:16.563] [DEBUG] cheese - null
[2020-12-03T17:53:34.129] [DEBUG] cheese - login => username:123,password:123123
[2020-12-03T17:53:34.129] [DEBUG] cheese - 123
[2020-12-03T17:53:34.131] [DEBUG] cheese - null
[2020-12-03T17:53:34.131] [DEBUG] cheese - null
[2020-12-03T17:53:54.825] [DEBUG] cheese - login => username:admin,password:123456
[2020-12-03T17:53:54.825] [DEBUG] cheese - admin
[2020-12-03T17:53:54.829] [DEBUG] cheese - null
[2020-12-03T17:53:54.829] [DEBUG] cheese - null
[2020-12-03T17:53:56.137] [DEBUG] cheese - login => username:admin,password:123456
[2020-12-03T17:53:56.137] [DEBUG] cheese - admin
[2020-12-03T17:53:56.140] [DEBUG] cheese - null
[2020-12-03T17:53:56.140] [DEBUG] cheese - null
[2020-12-03T17:54:03.440] [DEBUG] cheese - login => username:admin,password:123456
[2020-12-03T17:54:03.440] [DEBUG] cheese - admin
[2020-12-03T17:54:03.444] [DEBUG] cheese - null
[2020-12-03T17:54:03.444] [DEBUG] cheese - null
[2020-12-03T17:55:27.172] [DEBUG] cheese - login => username:admin,password:123456
[2020-12-03T17:55:27.172] [DEBUG] cheese - admin
[2020-12-03T17:55:27.175] [DEBUG] cheese - null
[2020-12-03T17:55:27.175] [DEBUG] cheese - null
[2020-12-03T17:55:29.897] [DEBUG] cheese - login => username:admin,password:123456
[2020-12-03T17:55:29.897] [DEBUG] cheese - admin
[2020-12-03T17:55:29.901] [DEBUG] cheese - null
[2020-12-03T17:55:29.901] [DEBUG] cheese - null
[2020-12-03T17:56:08.319] [DEBUG] cheese - login => username:admin,password:123456
[2020-12-03T17:56:08.319] [DEBUG] cheese - admin
[2020-12-03T17:56:08.322] [DEBUG] cheese - null
[2020-12-03T17:56:08.322] [DEBUG] cheese - null
[2020-12-03T17:56:09.020] [DEBUG] cheese - login => username:admin,password:123456
[2020-12-03T17:56:09.020] [DEBUG] cheese - admin
[2020-12-03T17:56:09.024] [DEBUG] cheese - null
[2020-12-03T17:56:09.024] [DEBUG] cheese - null
[2020-12-03T17:56:30.363] [DEBUG] cheese - login => username:admin,password:123456
[2020-12-03T17:56:30.363] [DEBUG] cheese - admin
[2020-12-03T17:56:30.366] [DEBUG] cheese - null
[2020-12-03T17:56:30.366] [DEBUG] cheese - null
[2020-12-03T17:56:30.723] [DEBUG] cheese - login => username:admin,password:123456
[2020-12-03T17:56:30.723] [DEBUG] cheese - admin
[2020-12-03T17:56:30.728] [DEBUG] cheese - null
[2020-12-03T17:56:30.728] [DEBUG] cheese - null
[2020-12-03T17:56:42.549] [DEBUG] cheese - login => username:admin,password:123456
[2020-12-03T17:56:42.549] [DEBUG] cheese - admin
[2020-12-03T17:56:42.552] [DEBUG] cheese - null
[2020-12-03T17:56:42.552] [DEBUG] cheese - null
[2020-12-03T17:57:40.517] [DEBUG] cheese - login => username:admin,password:123456
[2020-12-03T17:57:40.518] [DEBUG] cheese - admin
[2020-12-03T17:57:40.523] [DEBUG] cheese - null
[2020-12-03T17:57:40.524] [DEBUG] cheese - null
[2020-12-03T17:57:45.297] [DEBUG] cheese - login => username:admin,password:123456
[2020-12-03T17:57:45.298] [DEBUG] cheese - admin
[2020-12-03T17:57:45.301] [DEBUG] cheese - null
[2020-12-03T17:57:45.301] [DEBUG] cheese - null
[2020-12-03T17:57:48.289] [DEBUG] cheese - login => username:admin,password:123456
[2020-12-03T17:57:48.289] [DEBUG] cheese - admin
[2020-12-03T17:57:48.294] [DEBUG] cheese - null
[2020-12-03T17:57:48.295] [DEBUG] cheese - null
[2020-12-03T17:58:30.161] [DEBUG] cheese - login => username:admin,password:123456
[2020-12-03T17:58:30.161] [DEBUG] cheese - admin
[2020-12-03T17:58:30.165] [DEBUG] cheese - null
[2020-12-03T17:58:30.165] [DEBUG] cheese - null
[2020-12-03T17:58:40.098] [DEBUG] cheese - login => username:admin,password:123456
[2020-12-03T17:58:40.098] [DEBUG] cheese - admin
[2020-12-03T17:58:40.100] [DEBUG] cheese - null
[2020-12-03T17:58:40.101] [DEBUG] cheese - null
[2020-12-03T18:01:59.150] [DEBUG] cheese - login => username:admin,password:123456
[2020-12-03T18:01:59.150] [DEBUG] cheese - admin
[2020-12-03T18:01:59.152] [DEBUG] cheese - null
[2020-12-03T18:01:59.152] [DEBUG] cheese - null
[2020-12-03T18:02:15.419] [DEBUG] cheese - login => username:admin,password:123456
[2020-12-03T18:02:15.420] [DEBUG] cheese - admin
[2020-12-03T18:02:15.432] [DEBUG] cheese - null
[2020-12-03T18:02:15.432] [DEBUG] cheese - null
[2020-12-03T18:02:31.996] [DEBUG] cheese - login => username:admin,password:123456
[2020-12-03T18:02:31.996] [DEBUG] cheese - admin
[2020-12-03T18:02:31.998] [DEBUG] cheese - null
[2020-12-03T18:02:31.998] [DEBUG] cheese - null
[2020-12-03T18:04:23.203] [DEBUG] cheese - login => username:admin,password:123456
[2020-12-03T18:04:23.203] [DEBUG] cheese - admin
[2020-12-03T18:04:23.206] [DEBUG] cheese - null
[2020-12-03T18:04:23.206] [DEBUG] cheese - null
[2020-12-03T18:04:51.998] [DEBUG] cheese - login => username:admin,password:123456
[2020-12-03T18:04:51.998] [DEBUG] cheese - admin
[2020-12-03T18:04:52.000] [DEBUG] cheese - null
[2020-12-03T18:04:52.000] [DEBUG] cheese - null
[2020-12-04T16:07:42.538] [DEBUG] cheese - login => username:admin,password:123456
[2020-12-04T16:07:42.540] [DEBUG] cheese - admin
[2020-12-04T16:07:42.579] [DEBUG] cheese - null
[2020-12-04T16:07:42.579] [DEBUG] cheese - null
[2020-12-04T16:07:54.902] [DEBUG] cheese - login => username:admin,password:123456
[2020-12-04T16:07:54.902] [DEBUG] cheese - admin
[2020-12-04T16:07:54.905] [DEBUG] cheese - null
[2020-12-04T16:07:54.905] [DEBUG] cheese - null
[2020-12-04T16:08:09.396] [DEBUG] cheese - login => username:admin,password:123456
[2020-12-04T16:08:09.396] [DEBUG] cheese - admin
[2020-12-04T16:08:09.399] [DEBUG] cheese - null
[2020-12-04T16:08:09.399] [DEBUG] cheese - null
[2020-12-04T16:09:32.803] [DEBUG] cheese - login => username:admin,password:123456
[2020-12-04T16:09:32.803] [DEBUG] cheese - admin
[2020-12-04T16:09:32.805] [DEBUG] cheese - null
[2020-12-04T16:09:32.805] [DEBUG] cheese - null
[2020-12-04T16:16:54.197] [DEBUG] cheese - login => username:admin,password:123456
[2020-12-04T16:16:54.197] [DEBUG] cheese - admin
[2020-12-04T16:16:54.201] [DEBUG] cheese - null
[2020-12-04T16:16:54.201] [DEBUG] cheese - null
[2020-12-04T16:51:54.988] [DEBUG] cheese - login => username:admin,password:123456
[2020-12-04T16:51:54.988] [DEBUG] cheese - admin
[2020-12-04T16:51:54.992] [DEBUG] cheese - null
[2020-12-04T16:51:54.992] [DEBUG] cheese - null
[2020-12-04T17:14:17.639] [DEBUG] cheese - login => username:admin,password:123456
[2020-12-04T17:14:17.639] [DEBUG] cheese - admin
[2020-12-04T17:14:17.644] [DEBUG] cheese - null
[2020-12-04T17:14:17.644] [DEBUG] cheese - null
[2020-12-04T17:14:39.086] [DEBUG] cheese - login => username:admin,password:123456
[2020-12-04T17:14:39.086] [DEBUG] cheese - admin
[2020-12-04T17:14:39.088] [DEBUG] cheese - null
[2020-12-04T17:14:39.088] [DEBUG] cheese - null
[2020-12-04T17:14:43.811] [DEBUG] cheese - login => username:admin,password:123456
[2020-12-04T17:14:43.811] [DEBUG] cheese - admin
[2020-12-04T17:14:43.814] [DEBUG] cheese - null
[2020-12-04T17:14:43.814] [DEBUG] cheese - null
[2020-12-07T16:06:45.138] [DEBUG] cheese - login => username:admin,password:123456
[2020-12-07T16:06:45.141] [DEBUG] cheese - admin
[2020-12-07T16:06:45.186] [DEBUG] cheese - null
[2020-12-07T16:06:45.187] [DEBUG] cheese - null
[2020-12-07T16:07:05.139] [DEBUG] cheese - login => username:admin,password:123456
[2020-12-07T16:07:05.139] [DEBUG] cheese - admin
[2020-12-07T16:07:05.145] [DEBUG] cheese - null
[2020-12-07T16:07:05.146] [DEBUG] cheese - null
[2020-12-07T16:09:55.546] [DEBUG] cheese - login => username:admin,password:123456
[2020-12-07T16:09:55.546] [DEBUG] cheese - admin
[2020-12-07T16:09:55.550] [DEBUG] cheese - null
[2020-12-07T16:09:55.550] [DEBUG] cheese - null
[2020-12-07T16:21:00.146] [DEBUG] cheese - login => username:admin,password:123456
[2020-12-07T16:21:00.147] [DEBUG] cheese - admin
[2020-12-07T16:21:00.149] [DEBUG] cheese - null
[2020-12-07T16:21:00.149] [DEBUG] cheese - null
[2020-12-07T17:38:04.892] [DEBUG] cheese - login => username:admin,password:123456
[2020-12-07T17:38:04.894] [DEBUG] cheese - admin
[2020-12-07T17:38:04.901] [DEBUG] cheese - null
[2020-12-07T17:38:04.901] [DEBUG] cheese - null
[2020-12-07T17:39:54.899] [DEBUG] cheese - login => username:admin,password:123456
[2020-12-07T17:39:54.900] [DEBUG] cheese - admin
[2020-12-07T17:39:54.911] [DEBUG] cheese - null
[2020-12-07T17:39:54.911] [DEBUG] cheese - null
[2020-12-08T15:32:39.374] [DEBUG] cheese - login => username:admin,password:123456
[2020-12-08T15:32:39.385] [DEBUG] cheese - admin
[2020-12-08T15:32:39.427] [DEBUG] cheese - null
[2020-12-08T15:32:39.428] [DEBUG] cheese - null
[2020-12-08T15:51:53.718] [DEBUG] cheese - login => username:admin,password:123456
[2020-12-08T15:51:53.718] [DEBUG] cheese - admin
[2020-12-08T15:51:53.721] [DEBUG] cheese - null
[2020-12-08T15:51:53.721] [DEBUG] cheese - null
[2020-12-08T16:08:06.754] [DEBUG] cheese - login => username:admin,password:123456
[2020-12-08T16:08:06.754] [DEBUG] cheese - admin
[2020-12-08T16:08:06.757] [DEBUG] cheese - null
[2020-12-08T16:08:06.757] [DEBUG] cheese - null
[2020-12-08T16:21:22.951] [DEBUG] cheese - login => username:admin,password:123456
[2020-12-08T16:21:22.951] [DEBUG] cheese - admin
[2020-12-08T16:21:22.953] [DEBUG] cheese - null
[2020-12-08T16:21:22.954] [DEBUG] cheese - null
[2020-12-08T18:32:58.759] [DEBUG] cheese - null
[2020-12-08T18:33:24.727] [DEBUG] cheese - null
[2020-12-08T18:33:33.208] [DEBUG] cheese - null
[2020-12-08T18:33:38.742] [DEBUG] cheese - null
[2020-12-08T18:36:05.289] [DEBUG] cheese - null
[2020-12-08T18:42:47.992] [DEBUG] cheese - null
[2020-12-08T18:42:51.038] [DEBUG] cheese - null
[2020-12-08T18:42:54.535] [DEBUG] cheese - null
[2020-12-09T14:19:53.578] [DEBUG] cheese - login => username:admin,password:123456
[2020-12-09T14:19:53.582] [DEBUG] cheese - admin
[2020-12-09T14:19:53.599] [DEBUG] cheese - null
[2020-12-09T14:19:53.600] [DEBUG] cheese - null
[2020-12-09T15:54:28.006] [DEBUG] cheese - login => username:admin,password:123456
[2020-12-09T15:54:28.008] [DEBUG] cheese - admin
[2020-12-09T15:54:28.040] [DEBUG] cheese - null
[2020-12-09T15:54:28.040] [DEBUG] cheese - null
[2020-12-09T15:54:46.934] [DEBUG] cheese - login => username:admin,password:123456
[2020-12-09T15:54:46.934] [DEBUG] cheese - admin
[2020-12-09T15:54:46.937] [DEBUG] cheese - null
[2020-12-09T15:54:46.937] [DEBUG] cheese - null
[2020-12-10T09:37:51.560] [DEBUG] cheese - login => username:admin,password:123456
[2020-12-10T09:37:51.563] [DEBUG] cheese - admin
[2020-12-10T09:37:51.605] [DEBUG] cheese - null
[2020-12-10T09:37:51.606] [DEBUG] cheese - null
[2020-12-10T10:01:10.213] [DEBUG] cheese - login => username:admin,password:123456
[2020-12-10T10:01:10.221] [DEBUG] cheese - admin
[2020-12-10T10:01:10.260] [DEBUG] cheese - null
[2020-12-10T10:01:10.261] [DEBUG] cheese - null
[2020-12-10T10:01:24.033] [DEBUG] cheese - login => username:admin,password:123456
[2020-12-10T10:01:24.033] [DEBUG] cheese - admin
[2020-12-10T10:01:24.045] [DEBUG] cheese - null
[2020-12-10T10:01:24.045] [DEBUG] cheese - null
[2020-12-10T10:01:30.887] [DEBUG] cheese - login => username:admin,password:123456
[2020-12-10T10:01:30.887] [DEBUG] cheese - admin
[2020-12-10T10:01:30.893] [DEBUG] cheese - null
[2020-12-10T10:01:30.893] [DEBUG] cheese - null
[2020-12-10T11:05:17.760] [DEBUG] cheese - login => username:admin,password:123456
[2020-12-10T11:05:17.762] [DEBUG] cheese - admin
[2020-12-10T11:05:17.783] [DEBUG] cheese - null
[2020-12-10T11:05:17.783] [DEBUG] cheese - null
[2020-12-10T11:06:50.689] [DEBUG] cheese - login => username:admin,password:123456
[2020-12-10T11:06:50.689] [DEBUG] cheese - admin
[2020-12-10T11:06:50.693] [DEBUG] cheese - null
[2020-12-10T11:06:50.693] [DEBUG] cheese - null
[2020-12-10T11:06:59.070] [DEBUG] cheese - login => username:admin,password:123456
[2020-12-10T11:06:59.070] [DEBUG] cheese - admin
[2020-12-10T11:06:59.073] [DEBUG] cheese - null
[2020-12-10T11:06:59.073] [DEBUG] cheese - null
[2020-12-10T11:07:14.956] [DEBUG] cheese - login => username:admin,password:123456
[2020-12-10T11:07:14.956] [DEBUG] cheese - admin
[2020-12-10T11:07:14.972] [DEBUG] cheese - null
[2020-12-10T11:07:14.972] [DEBUG] cheese - null
[2020-12-10T11:07:15.566] [DEBUG] cheese - login => username:admin,password:123456
[2020-12-10T11:07:15.566] [DEBUG] cheese - admin
[2020-12-10T11:07:15.570] [DEBUG] cheese - null
[2020-12-10T11:07:15.570] [DEBUG] cheese - null
[2020-12-10T11:07:35.429] [DEBUG] cheese - login => username:admin,password:123456
[2020-12-10T11:07:35.429] [DEBUG] cheese - admin
[2020-12-10T11:07:35.433] [DEBUG] cheese - null
[2020-12-10T11:07:35.433] [DEBUG] cheese - null
[2020-12-10T11:07:36.037] [DEBUG] cheese - login => username:admin,password:123456
[2020-12-10T11:07:36.037] [DEBUG] cheese - admin
[2020-12-10T11:07:36.039] [DEBUG] cheese - null
[2020-12-10T11:07:36.039] [DEBUG] cheese - null
[2020-12-10T11:07:54.119] [DEBUG] cheese - login => username:admin,password:123456
[2020-12-10T11:07:54.119] [DEBUG] cheese - admin
[2020-12-10T11:07:54.133] [DEBUG] cheese - null
[2020-12-10T11:07:54.133] [DEBUG] cheese - null
[2020-12-10T11:08:41.574] [DEBUG] cheese - login => username:admin1123,password:123456
[2020-12-10T11:08:41.574] [DEBUG] cheese - admin1123
[2020-12-10T11:08:41.586] [DEBUG] cheese - null
[2020-12-10T11:08:41.586] [DEBUG] cheese - null
[2020-12-10T11:11:48.861] [DEBUG] cheese - login => username:admin,password:123456
[2020-12-10T11:11:48.862] [DEBUG] cheese - admin
[2020-12-10T11:11:48.865] [DEBUG] cheese - null
[2020-12-10T11:11:48.865] [DEBUG] cheese - null
[2020-12-10T11:11:57.660] [DEBUG] cheese - login => username:admin1123,password:123456
[2020-12-10T11:11:57.660] [DEBUG] cheese - admin1123
[2020-12-10T11:11:57.664] [DEBUG] cheese - null
[2020-12-10T11:11:57.664] [DEBUG] cheese - null
[2020-12-10T11:12:05.502] [DEBUG] cheese - login => username:admin,password:123456
[2020-12-10T11:12:05.502] [DEBUG] cheese - admin
[2020-12-10T11:12:05.505] [DEBUG] cheese - null
[2020-12-10T11:12:05.506] [DEBUG] cheese - null
[2020-12-10T11:13:37.166] [DEBUG] cheese - login => username:admin,password:123456
[2020-12-10T11:13:37.166] [DEBUG] cheese - admin
[2020-12-10T11:13:37.178] [DEBUG] cheese - null
[2020-12-10T11:13:37.179] [DEBUG] cheese - null
[2020-12-10T11:13:41.183] [DEBUG] cheese - login => username:admin,password:123456
[2020-12-10T11:13:41.184] [DEBUG] cheese - admin
[2020-12-10T11:13:41.186] [DEBUG] cheese - null
[2020-12-10T11:13:41.186] [DEBUG] cheese - null
[2020-12-10T11:14:44.459] [DEBUG] cheese - login => username:admin,password:123456
[2020-12-10T11:14:44.459] [DEBUG] cheese - admin
[2020-12-10T11:14:44.463] [DEBUG] cheese - null
[2020-12-10T11:14:44.463] [DEBUG] cheese - null
[2020-12-10T11:17:45.930] [DEBUG] cheese - login => username:admin,password:123456
[2020-12-10T11:17:45.930] [DEBUG] cheese - admin
[2020-12-10T11:17:45.934] [DEBUG] cheese - null
[2020-12-10T11:17:45.934] [DEBUG] cheese - null
[2020-12-10T11:18:01.178] [DEBUG] cheese - login => username:admin,password:123456
[2020-12-10T11:18:01.178] [DEBUG] cheese - admin
[2020-12-10T11:18:01.182] [DEBUG] cheese - null
[2020-12-10T11:18:01.182] [DEBUG] cheese - null
[2020-12-10T11:18:25.336] [DEBUG] cheese - login => username:admin,password:123456
[2020-12-10T11:18:25.336] [DEBUG] cheese - admin
[2020-12-10T11:18:25.339] [DEBUG] cheese - null
[2020-12-10T11:18:25.339] [DEBUG] cheese - null
[2020-12-10T11:22:24.114] [DEBUG] cheese - login => username:admin,password:123456
[2020-12-10T11:22:24.114] [DEBUG] cheese - admin
[2020-12-10T11:22:24.117] [DEBUG] cheese - null
[2020-12-10T11:22:24.117] [DEBUG] cheese - null
[2020-12-10T11:22:44.314] [DEBUG] cheese - login => username:admin,password:123456
[2020-12-10T11:22:44.314] [DEBUG] cheese - admin
[2020-12-10T11:22:44.317] [DEBUG] cheese - null
[2020-12-10T11:22:44.317] [DEBUG] cheese - null
[2020-12-10T11:22:56.509] [DEBUG] cheese - login => username:admin,password:123456
[2020-12-10T11:22:56.509] [DEBUG] cheese - admin
[2020-12-10T11:22:56.513] [DEBUG] cheese - null
[2020-12-10T11:22:56.513] [DEBUG] cheese - null
[2020-12-10T14:12:54.830] [DEBUG] cheese - login => username:admin,password:123456
[2020-12-10T14:12:54.830] [DEBUG] cheese - admin
[2020-12-10T14:12:54.843] [DEBUG] cheese - null
[2020-12-10T14:12:54.843] [DEBUG] cheese - null
[2020-12-10T14:13:01.345] [DEBUG] cheese - login => username:admin1,password:123456
[2020-12-10T14:13:01.345] [DEBUG] cheese - admin1
[2020-12-10T14:13:01.356] [DEBUG] cheese - null
[2020-12-10T14:13:01.356] [DEBUG] cheese - null
[2020-12-10T14:13:38.588] [DEBUG] cheese - login => username:admin,password:123456
[2020-12-10T14:13:38.588] [DEBUG] cheese - admin
[2020-12-10T14:13:38.594] [DEBUG] cheese - null
[2020-12-10T14:13:38.594] [DEBUG] cheese - null
[2020-12-10T14:13:55.580] [DEBUG] cheese - login => username:admin,password:123456
[2020-12-10T14:13:55.580] [DEBUG] cheese - admin
[2020-12-10T14:13:55.583] [DEBUG] cheese - null
[2020-12-10T14:13:55.583] [DEBUG] cheese - null
[2020-12-10T14:14:09.062] [DEBUG] cheese - login => username:admin,password:123456
[2020-12-10T14:14:09.062] [DEBUG] cheese - admin
[2020-12-10T14:14:09.064] [DEBUG] cheese - null
[2020-12-10T14:14:09.064] [DEBUG] cheese - null
[2020-12-10T14:14:10.822] [DEBUG] cheese - login => username:admin,password:123456
[2020-12-10T14:14:10.822] [DEBUG] cheese - admin
[2020-12-10T14:14:10.825] [DEBUG] cheese - null
[2020-12-10T14:14:10.825] [DEBUG] cheese - null
[2020-12-10T14:14:54.299] [DEBUG] cheese - login => username:admin,password:123456
[2020-12-10T14:14:54.299] [DEBUG] cheese - admin
[2020-12-10T14:14:54.304] [DEBUG] cheese - null
[2020-12-10T14:14:54.304] [DEBUG] cheese - null
[2020-12-10T15:10:18.812] [DEBUG] cheese - login => username:admin,password:123456
[2020-12-10T15:10:18.814] [DEBUG] cheese - admin
[2020-12-10T15:10:18.824] [DEBUG] cheese - null
[2020-12-10T15:10:18.824] [DEBUG] cheese - null
[2020-12-10T15:11:05.912] [DEBUG] cheese - login => username:admin,password:123456
[2020-12-10T15:11:05.913] [DEBUG] cheese - admin
[2020-12-10T15:11:05.931] [DEBUG] cheese - null
[2020-12-10T15:11:05.931] [DEBUG] cheese - null
[2020-12-10T15:13:14.440] [DEBUG] cheese - login => username:admin,password:123456
[2020-12-10T15:13:14.440] [DEBUG] cheese - admin
[2020-12-10T15:13:14.445] [DEBUG] cheese - null
[2020-12-10T15:13:14.445] [DEBUG] cheese - null
[2020-12-10T15:13:20.902] [DEBUG] cheese - login => username:admin,password:123456
[2020-12-10T15:13:20.902] [DEBUG] cheese - admin
[2020-12-10T15:13:20.911] [DEBUG] cheese - null
[2020-12-10T15:13:20.911] [DEBUG] cheese - null
[2020-12-10T15:14:58.076] [DEBUG] cheese - login => username:admin,password:123456
[2020-12-10T15:14:58.077] [DEBUG] cheese - admin
[2020-12-10T15:14:58.081] [DEBUG] cheese - null
[2020-12-10T15:14:58.082] [DEBUG] cheese - null
[2020-12-10T15:40:54.292] [DEBUG] cheese - login => username:admin,password:123456
[2020-12-10T15:40:54.292] [DEBUG] cheese - admin
[2020-12-10T15:40:54.297] [DEBUG] cheese - null
[2020-12-10T15:40:54.297] [DEBUG] cheese - null
[2020-12-14T09:06:11.388] [DEBUG] cheese - login => username:admin,password:123456
[2020-12-14T09:06:11.392] [DEBUG] cheese - admin
[2020-12-14T09:06:11.420] [DEBUG] cheese - null
[2020-12-14T09:06:11.421] [DEBUG] cheese - null
[2020-12-14T09:06:36.995] [DEBUG] cheese - login => username:admin,password:123456
[2020-12-14T09:06:36.995] [DEBUG] cheese - admin
[2020-12-14T09:06:37.000] [DEBUG] cheese - null
[2020-12-14T09:06:37.000] [DEBUG] cheese - null
[2020-12-14T09:29:25.231] [DEBUG] cheese - login => username:admin,password:123456
[2020-12-14T09:29:25.231] [DEBUG] cheese - admin
[2020-12-14T09:29:25.234] [DEBUG] cheese - null
[2020-12-14T09:29:25.234] [DEBUG] cheese - null
[2020-12-14T14:06:21.087] [DEBUG] cheese - login => username:admin,password:123456
[2020-12-14T14:06:21.089] [DEBUG] cheese - admin
[2020-12-14T14:06:21.098] [DEBUG] cheese - null
[2020-12-14T14:06:21.098] [DEBUG] cheese - null
[2020-12-14T14:06:24.479] [DEBUG] cheese - login => username:admin,password:123456
[2020-12-14T14:06:24.479] [DEBUG] cheese - admin
[2020-12-14T14:06:24.481] [DEBUG] cheese - null
[2020-12-14T14:06:24.481] [DEBUG] cheese - null
[2020-12-15T09:08:56.443] [DEBUG] cheese - login => username:admin,password:123456
[2020-12-15T09:08:56.446] [DEBUG] cheese - admin
[2020-12-15T09:08:56.528] [DEBUG] cheese - null
[2020-12-15T09:08:56.528] [DEBUG] cheese - null
[2020-12-15T09:09:10.835] [DEBUG] cheese - login => username:admin,password:123456
[2020-12-15T09:09:10.835] [DEBUG] cheese - admin
[2020-12-15T09:09:10.838] [DEBUG] cheese - null
[2020-12-15T09:09:10.838] [DEBUG] cheese - null
[2020-12-15T09:11:10.631] [DEBUG] cheese - login => username:admin,password:123456
[2020-12-15T09:11:10.634] [DEBUG] cheese - admin
[2020-12-15T09:11:10.644] [DEBUG] cheese - null
[2020-12-15T09:11:10.644] [DEBUG] cheese - null
[2020-12-15T09:42:19.695] [DEBUG] cheese - login => username:admin,password:123456
[2020-12-15T09:42:19.695] [DEBUG] cheese - admin
[2020-12-15T09:42:19.701] [DEBUG] cheese - null
[2020-12-15T09:42:19.701] [DEBUG] cheese - null
[2020-12-15T11:01:49.157] [DEBUG] cheese - null
[2020-12-15T11:13:45.435] [DEBUG] cheese - null
[2020-12-15T11:15:13.205] [DEBUG] cheese - null
[2020-12-15T11:15:22.617] [DEBUG] cheese - null
[2020-12-15T11:15:44.342] [DEBUG] cheese - null
[2020-12-15T11:19:12.592] [DEBUG] cheese - null
[2020-12-15T11:22:46.807] [DEBUG] cheese - null
[2020-12-15T11:22:53.547] [DEBUG] cheese - null
[2020-12-15T11:24:06.424] [DEBUG] cheese - null
[2020-12-15T11:24:11.046] [DEBUG] cheese - null
[2020-12-16T09:05:32.415] [DEBUG] cheese - login => username:admin,password:123456
[2020-12-16T09:05:32.422] [DEBUG] cheese - admin
[2020-12-16T09:05:32.475] [DEBUG] cheese - null
[2020-12-16T09:05:32.475] [DEBUG] cheese - null
[2020-12-16T09:13:49.137] [DEBUG] cheese - login => username:admin,password:123456
[2020-12-16T09:13:49.137] [DEBUG] cheese - admin
[2020-12-16T09:13:49.141] [DEBUG] cheese - null
[2020-12-16T09:13:49.141] [DEBUG] cheese - null
[2020-12-16T11:07:53.993] [DEBUG] cheese - login => username:admin,password:123456
[2020-12-16T11:07:53.994] [DEBUG] cheese - admin
[2020-12-16T11:07:53.998] [DEBUG] cheese - null
[2020-12-16T11:07:53.998] [DEBUG] cheese - null
[2020-12-16T11:26:25.407] [DEBUG] cheese - login => username:admin,password:123456
[2020-12-16T11:26:25.408] [DEBUG] cheese - admin
[2020-12-16T11:26:25.413] [DEBUG] cheese - null
[2020-12-16T11:26:25.413] [DEBUG] cheese - null
[2020-12-17T09:06:21.977] [DEBUG] cheese - login => username:admin,password:123456
[2020-12-17T09:06:21.980] [DEBUG] cheese - admin
[2020-12-17T09:06:21.996] [DEBUG] cheese - null
[2020-12-17T09:06:21.997] [DEBUG] cheese - null
[2020-12-17T09:07:02.051] [DEBUG] cheese - login => username:admin,password:123456
[2020-12-17T09:07:02.051] [DEBUG] cheese - admin
[2020-12-17T09:07:02.056] [DEBUG] cheese - null
[2020-12-17T09:07:02.056] [DEBUG] cheese - null
[2020-12-17T09:53:34.613] [DEBUG] cheese - login => username:admin,password:123456
[2020-12-17T09:53:34.613] [DEBUG] cheese - admin
[2020-12-17T09:53:34.618] [DEBUG] cheese - null
[2020-12-17T09:53:34.618] [DEBUG] cheese - null
[2020-12-17T10:34:59.741] [DEBUG] cheese - login => username:admin,password:123456
[2020-12-17T10:34:59.741] [DEBUG] cheese - admin
[2020-12-17T10:34:59.745] [DEBUG] cheese - null
[2020-12-17T10:34:59.745] [DEBUG] cheese - null
[2020-12-17T11:28:21.071] [DEBUG] cheese - login => username:admin,password:123456
[2020-12-17T11:28:21.071] [DEBUG] cheese - admin
[2020-12-17T11:28:21.076] [DEBUG] cheese - null
[2020-12-17T11:28:21.076] [DEBUG] cheese - null
[2020-12-18T09:07:39.004] [DEBUG] cheese - login => username:admin,password:123456
[2020-12-18T09:07:39.008] [DEBUG] cheese - admin
[2020-12-18T09:07:39.029] [DEBUG] cheese - null
[2020-12-18T09:07:39.029] [DEBUG] cheese - null
[2020-12-18T09:11:14.266] [DEBUG] cheese - login => username:admin,password:123456
[2020-12-18T09:11:14.267] [DEBUG] cheese - admin
[2020-12-18T09:11:14.270] [DEBUG] cheese - null
[2020-12-18T09:11:14.270] [DEBUG] cheese - null
[2020-12-18T11:44:33.086] [DEBUG] cheese - login => username:admin,password:123456
[2020-12-18T11:44:33.086] [DEBUG] cheese - admin
[2020-12-18T11:44:33.091] [DEBUG] cheese - null
[2020-12-18T11:44:33.091] [DEBUG] cheese - null
[2020-12-19T09:08:18.327] [DEBUG] cheese - login => username:admin,password:123456
[2020-12-19T09:08:18.330] [DEBUG] cheese - admin
[2020-12-19T09:08:18.345] [DEBUG] cheese - null
[2020-12-19T09:08:18.346] [DEBUG] cheese - null
[2020-12-19T09:16:02.828] [DEBUG] cheese - login => username:admin,password:123456
[2020-12-19T09:16:02.828] [DEBUG] cheese - admin
[2020-12-19T09:16:02.833] [DEBUG] cheese - null
[2020-12-19T09:16:02.833] [DEBUG] cheese - null
[2020-12-19T10:21:46.467] [DEBUG] cheese - null
[2020-12-19T10:22:31.710] [DEBUG] cheese - null
[2020-12-19T10:33:32.415] [DEBUG] cheese - login => username:admin,password:123456
[2020-12-19T10:33:32.415] [DEBUG] cheese - admin
[2020-12-19T10:33:32.420] [DEBUG] cheese - null
[2020-12-19T10:33:32.420] [DEBUG] cheese - null
[2020-12-19T10:34:08.074] [DEBUG] cheese - null
[2020-12-19T10:34:49.174] [DEBUG] cheese - null
[2020-12-19T10:35:50.738] [DEBUG] cheese - null
[2020-12-19T10:36:38.853] [DEBUG] cheese - null
[2020-12-19T10:38:47.063] [DEBUG] cheese - login => username:admin,password:123456
[2020-12-19T10:38:47.063] [DEBUG] cheese - admin
[2020-12-19T10:38:47.067] [DEBUG] cheese - null
[2020-12-19T10:38:47.068] [DEBUG] cheese - null
[2020-12-19T10:58:37.504] [DEBUG] cheese - login => username:admin,password:123456
[2020-12-19T10:58:37.504] [DEBUG] cheese - admin
[2020-12-19T10:58:37.511] [DEBUG] cheese - null
[2020-12-19T10:58:37.511] [DEBUG] cheese - null
[2020-12-19T11:01:28.495] [DEBUG] cheese - login => username:admin,password:123456
[2020-12-19T11:01:28.496] [DEBUG] cheese - admin
[2020-12-19T11:01:28.501] [DEBUG] cheese - null
[2020-12-19T11:01:28.501] [DEBUG] cheese - null
[2020-12-19T15:57:17.360] [DEBUG] cheese - login => username:admin,password:123456
[2020-12-19T15:57:17.361] [DEBUG] cheese - admin
[2020-12-19T15:57:17.385] [DEBUG] cheese - null
[2020-12-19T15:57:17.385] [DEBUG] cheese - null
[2020-12-19T15:58:05.236] [DEBUG] cheese - login => username:admin,password:123456
[2020-12-19T15:58:05.236] [DEBUG] cheese - admin
[2020-12-19T15:58:05.239] [DEBUG] cheese - null
[2020-12-19T15:58:05.239] [DEBUG] cheese - null
[2020-12-19T15:58:53.554] [DEBUG] cheese - null
[2020-12-19T16:00:38.712] [DEBUG] cheese - login => username:zs123,password:123456
[2020-12-19T16:00:38.712] [DEBUG] cheese - zs123
[2020-12-19T16:00:38.725] [DEBUG] cheese - null
[2020-12-19T16:00:38.725] [DEBUG] cheese - null
[2020-12-19T16:00:44.168] [DEBUG] cheese - login => username:zs123,password:123456
[2020-12-19T16:00:44.168] [DEBUG] cheese - zs123
[2020-12-19T16:00:44.172] [DEBUG] cheese - null
[2020-12-19T16:00:44.173] [DEBUG] cheese - null
[2020-12-19T16:01:23.407] [DEBUG] cheese - null
[2020-12-19T16:01:23.410] [DEBUG] cheese - null
[2020-12-19T16:01:43.874] [DEBUG] cheese - null
[2020-12-19T16:01:43.878] [DEBUG] cheese - null
[2020-12-19T16:02:04.215] [DEBUG] cheese - null
[2020-12-19T16:02:04.218] [DEBUG] cheese - null
[2020-12-19T16:02:19.253] [DEBUG] cheese - null
[2020-12-19T16:02:19.256] [DEBUG] cheese - null
[2020-12-19T16:02:20.836] [DEBUG] cheese - null
[2020-12-19T16:02:20.848] [DEBUG] cheese - null
[2020-12-19T16:02:21.192] [DEBUG] cheese - null
[2020-12-19T16:02:21.195] [DEBUG] cheese - null
[2020-12-19T16:02:23.715] [DEBUG] cheese - null
[2020-12-19T16:02:23.722] [DEBUG] cheese - null
[2020-12-19T16:06:55.138] [DEBUG] cheese - null
[2020-12-19T16:06:55.143] [DEBUG] cheese - null
[2020-12-19T16:07:08.397] [DEBUG] cheese - null
[2020-12-19T16:07:08.399] [DEBUG] cheese - null
[2020-12-19T16:07:41.240] [DEBUG] cheese - null
[2020-12-19T16:07:41.246] [DEBUG] cheese - null
[2020-12-19T16:07:44.475] [DEBUG] cheese - null
[2020-12-19T16:07:44.477] [DEBUG] cheese - null
[2020-12-19T16:09:17.816] [DEBUG] cheese - null
[2020-12-19T16:09:17.823] [DEBUG] cheese - null
[2020-12-19T16:09:29.612] [DEBUG] cheese - null
[2020-12-19T16:09:29.617] [DEBUG] cheese - null
[2020-12-19T16:15:38.731] [DEBUG] cheese - login => username:admin,password:123456
[2020-12-19T16:15:38.732] [DEBUG] cheese - admin
[2020-12-19T16:15:38.735] [DEBUG] cheese - null
[2020-12-19T16:15:38.735] [DEBUG] cheese - null
[2020-12-19T16:24:00.552] [DEBUG] cheese - login => username:zs123,password:123456
[2020-12-19T16:24:00.552] [DEBUG] cheese - zs123
[2020-12-19T16:24:00.556] [DEBUG] cheese - null
[2020-12-19T16:24:00.557] [DEBUG] cheese - null
[2020-12-19T16:25:07.146] [DEBUG] cheese - null
[2020-12-19T16:25:07.148] [DEBUG] cheese - null
[2020-12-19T16:25:15.711] [DEBUG] cheese - login => username:admin,password:123456
[2020-12-19T16:25:15.711] [DEBUG] cheese - admin
[2020-12-19T16:25:15.713] [DEBUG] cheese - null
[2020-12-19T16:25:15.713] [DEBUG] cheese - null
[2020-12-19T16:30:15.351] [DEBUG] cheese - login => username:zs123,password:123456
[2020-12-19T16:30:15.351] [DEBUG] cheese - zs123
[2020-12-19T16:30:15.355] [DEBUG] cheese - null
[2020-12-19T16:30:15.355] [DEBUG] cheese - null
[2020-12-19T16:30:17.428] [DEBUG] cheese - null
[2020-12-19T16:30:17.431] [DEBUG] cheese - null
[2020-12-19T16:41:34.397] [DEBUG] cheese - login => username:admin,password:123456
[2020-12-19T16:41:34.397] [DEBUG] cheese - admin
[2020-12-19T16:41:34.401] [DEBUG] cheese - null
[2020-12-19T16:41:34.401] [DEBUG] cheese - null
[2020-12-19T16:42:13.720] [DEBUG] cheese - login => username:admin,password:123456
[2020-12-19T16:42:13.720] [DEBUG] cheese - admin
[2020-12-19T16:42:13.723] [DEBUG] cheese - null
[2020-12-19T16:42:13.723] [DEBUG] cheese - null
[2020-12-19T16:42:50.822] [DEBUG] cheese - login => username:admin,password:123456
[2020-12-19T16:42:50.822] [DEBUG] cheese - admin
[2020-12-19T16:42:50.825] [DEBUG] cheese - null
[2020-12-19T16:42:50.825] [DEBUG] cheese - null
[2020-12-19T16:43:35.967] [DEBUG] cheese - login => username:zs123,password:123456
[2020-12-19T16:43:35.967] [DEBUG] cheese - zs123
[2020-12-19T16:43:35.970] [DEBUG] cheese - null
[2020-12-19T16:43:35.970] [DEBUG] cheese - null
[2020-12-19T16:44:09.538] [DEBUG] cheese - null
[2020-12-19T16:44:09.541] [DEBUG] cheese - null
[2020-12-19T16:44:27.749] [DEBUG] cheese - login => username:admin,password:123456
[2020-12-19T16:44:27.749] [DEBUG] cheese - admin
[2020-12-19T16:44:27.752] [DEBUG] cheese - null
[2020-12-19T16:44:27.752] [DEBUG] cheese - null
[2020-12-19T16:45:15.136] [DEBUG] cheese - null
[2020-12-19T16:45:15.141] [DEBUG] cheese - null
[2020-12-19T16:45:17.383] [DEBUG] cheese - null
[2020-12-19T16:45:17.386] [DEBUG] cheese - null
[2020-12-19T16:45:23.085] [DEBUG] cheese - null
[2020-12-19T16:45:23.088] [DEBUG] cheese - null
[2020-12-22T09:10:38.433] [DEBUG] cheese - login => username:admin,password:123456
[2020-12-22T09:10:38.435] [DEBUG] cheese - admin
[2020-12-22T09:10:38.469] [DEBUG] cheese - null
[2020-12-22T09:10:38.470] [DEBUG] cheese - null
[2020-12-22T09:29:51.862] [DEBUG] cheese - login => username:zs123,password:123456
[2020-12-22T09:29:51.862] [DEBUG] cheese - zs123
[2020-12-22T09:29:51.866] [DEBUG] cheese - null
[2020-12-22T09:29:51.866] [DEBUG] cheese - null
[2020-12-22T09:29:57.028] [DEBUG] cheese - null
[2020-12-22T09:29:57.034] [DEBUG] cheese - null
[2020-12-22T09:29:57.038] [DEBUG] cheese - null
[2020-12-22T09:29:57.045] [DEBUG] cheese - null
[2020-12-22T09:30:14.222] [DEBUG] cheese - null
[2020-12-22T09:30:14.227] [DEBUG] cheese - null
[2020-12-22T09:31:06.471] [DEBUG] cheese - null
[2020-12-22T09:31:06.475] [DEBUG] cheese - null
[2020-12-22T09:31:06.477] [DEBUG] cheese - null
[2020-12-22T09:31:06.480] [DEBUG] cheese - null
[2020-12-22T09:31:07.449] [DEBUG] cheese - null
[2020-12-22T09:31:07.454] [DEBUG] cheese - null
[2020-12-22T09:32:08.008] [DEBUG] cheese - null
[2020-12-22T09:32:08.021] [DEBUG] cheese - null
[2020-12-22T09:32:30.342] [DEBUG] cheese - null
[2020-12-22T09:32:30.344] [DEBUG] cheese - null
[2020-12-22T09:32:30.350] [DEBUG] cheese - null
[2020-12-22T09:32:30.352] [DEBUG] cheese - null
[2020-12-22T09:32:39.387] [DEBUG] cheese - null
[2020-12-22T09:32:39.392] [DEBUG] cheese - null
[2020-12-22T09:33:12.218] [DEBUG] cheese - null
[2020-12-22T09:33:12.236] [DEBUG] cheese - null
[2020-12-22T09:33:46.233] [DEBUG] cheese - null
[2020-12-22T09:33:46.240] [DEBUG] cheese - null
[2020-12-22T09:34:05.529] [DEBUG] cheese - null
[2020-12-22T09:34:05.538] [DEBUG] cheese - null
[2020-12-22T09:35:44.489] [DEBUG] cheese - null
[2020-12-22T09:35:44.496] [DEBUG] cheese - null
[2020-12-22T09:36:00.870] [DEBUG] cheese - null
[2020-12-22T09:36:00.895] [DEBUG] cheese - null
[2020-12-22T09:42:49.557] [DEBUG] cheese - login => username:admin,password:123456
[2020-12-22T09:42:49.557] [DEBUG] cheese - admin
[2020-12-22T09:42:49.562] [DEBUG] cheese - null
[2020-12-22T09:42:49.562] [DEBUG] cheese - null
[2020-12-22T09:45:02.327] [DEBUG] cheese - login => username:admin,password:123456
[2020-12-22T09:45:02.327] [DEBUG] cheese - admin
[2020-12-22T09:45:02.330] [DEBUG] cheese - null
[2020-12-22T09:45:02.330] [DEBUG] cheese - null
[2020-12-22T09:48:55.544] [DEBUG] cheese - login => username:zs123,password:123456
[2020-12-22T09:48:55.544] [DEBUG] cheese - zs123
[2020-12-22T09:48:55.547] [DEBUG] cheese - null
[2020-12-22T09:48:55.547] [DEBUG] cheese - null
[2020-12-22T09:51:02.502] [DEBUG] cheese - null
[2020-12-22T09:51:02.506] [DEBUG] cheese - null
[2020-12-22T09:51:04.014] [DEBUG] cheese - null
[2020-12-22T09:51:04.017] [DEBUG] cheese - null
[2020-12-22T09:51:04.021] [DEBUG] cheese - null
[2020-12-22T09:51:04.022] [DEBUG] cheese - null
[2020-12-22T09:54:19.421] [DEBUG] cheese - null
[2020-12-22T09:54:19.441] [DEBUG] cheese - null
[2020-12-22T09:58:13.717] [DEBUG] cheese - null
[2020-12-22T09:58:13.731] [DEBUG] cheese - null
[2020-12-22T09:58:36.367] [DEBUG] cheese - null
[2020-12-22T09:58:36.392] [DEBUG] cheese - null
[2020-12-22T09:59:12.134] [DEBUG] cheese - null
[2020-12-22T09:59:12.141] [DEBUG] cheese - null
[2020-12-22T09:59:14.151] [DEBUG] cheese - null
[2020-12-22T09:59:14.163] [DEBUG] cheese - null
[2020-12-22T09:59:40.577] [DEBUG] cheese - null
[2020-12-22T09:59:40.591] [DEBUG] cheese - null
[2020-12-22T10:00:10.836] [DEBUG] cheese - null
[2020-12-22T10:00:10.848] [DEBUG] cheese - null
[2020-12-22T10:00:13.021] [DEBUG] cheese - null
[2020-12-22T10:00:13.024] [DEBUG] cheese - null
[2020-12-22T10:00:45.023] [DEBUG] cheese - null
[2020-12-22T10:00:45.029] [DEBUG] cheese - null
[2020-12-22T10:01:54.428] [DEBUG] cheese - null
[2020-12-22T10:01:54.434] [DEBUG] cheese - null
[2020-12-22T10:02:58.621] [DEBUG] cheese - null
[2020-12-22T10:02:58.640] [DEBUG] cheese - null
[2020-12-22T10:03:01.018] [DEBUG] cheese - null
[2020-12-22T10:03:01.032] [DEBUG] cheese - null
[2020-12-22T10:03:38.920] [DEBUG] cheese - login => username:admin,password:123456
[2020-12-22T10:03:38.921] [DEBUG] cheese - admin
[2020-12-22T10:03:38.924] [DEBUG] cheese - null
[2020-12-22T10:03:38.924] [DEBUG] cheese - null
[2020-12-22T10:05:52.591] [DEBUG] cheese - login => username:zs123,password:123456
[2020-12-22T10:05:52.591] [DEBUG] cheese - zs123
[2020-12-22T10:05:52.595] [DEBUG] cheese - null
[2020-12-22T10:05:52.595] [DEBUG] cheese - null
[2020-12-22T10:11:55.441] [DEBUG] cheese - login => username:admin,password:123456
[2020-12-22T10:11:55.446] [DEBUG] cheese - admin
[2020-12-22T10:11:55.467] [DEBUG] cheese - null
[2020-12-22T10:11:55.468] [DEBUG] cheese - null
[2020-12-22T10:13:07.833] [DEBUG] cheese - login => username:admin,password:123456
[2020-12-22T10:13:07.833] [DEBUG] cheese - admin
[2020-12-22T10:13:07.840] [DEBUG] cheese - null
[2020-12-22T10:13:07.840] [DEBUG] cheese - null
[2020-12-22T10:15:07.210] [DEBUG] cheese - login => username:admin,password:123456
[2020-12-22T10:15:07.211] [DEBUG] cheese - admin
[2020-12-22T10:15:07.213] [DEBUG] cheese - null
[2020-12-22T10:15:07.213] [DEBUG] cheese - null
[2020-12-22T10:16:35.956] [DEBUG] cheese - login => username:admin,password:123456
[2020-12-22T10:16:35.957] [DEBUG] cheese - admin
[2020-12-22T10:16:35.959] [DEBUG] cheese - null
[2020-12-22T10:16:35.959] [DEBUG] cheese - null
[2020-12-22T10:18:21.159] [DEBUG] cheese - login => username:admin,password:123456
[2020-12-22T10:18:21.159] [DEBUG] cheese - admin
[2020-12-22T10:18:21.163] [DEBUG] cheese - null
[2020-12-22T10:18:21.163] [DEBUG] cheese - null
[2021-04-21T16:27:56.804] [DEBUG] cheese - login => username:admin,password:123456
[2021-04-21T16:27:56.806] [DEBUG] cheese - admin
[2021-04-21T16:27:56.828] [DEBUG] cheese - null
[2021-04-21T16:27:56.828] [DEBUG] cheese - null
[2021-04-21T16:37:36.231] [DEBUG] cheese - login => username:admin,password:admin
[2021-04-21T16:37:36.231] [DEBUG] cheese - admin
[2021-04-21T16:37:36.239] [DEBUG] cheese - null
[2021-04-21T16:37:36.239] [DEBUG] cheese - null
[2021-04-21T16:38:07.005] [DEBUG] cheese - login => username:admin,password:123456
[2021-04-21T16:38:07.006] [DEBUG] cheese - admin
[2021-04-21T16:38:07.011] [DEBUG] cheese - null
[2021-04-21T16:38:07.011] [DEBUG] cheese - null
[2021-04-21T16:38:47.354] [DEBUG] cheese - login => username:admin,password:123456
[2021-04-21T16:38:47.355] [DEBUG] cheese - admin
[2021-04-21T16:38:47.358] [DEBUG] cheese - null
[2021-04-21T16:38:47.358] [DEBUG] cheese - null
[2021-04-21T16:39:57.735] [DEBUG] cheese - login => username:admin,password:123456
[2021-04-21T16:39:57.735] [DEBUG] cheese - admin
[2021-04-21T16:39:57.739] [DEBUG] cheese - null
[2021-04-21T16:39:57.739] [DEBUG] cheese - null
[2021-04-21T16:39:59.771] [DEBUG] cheese - login => username:admin,password:123456
[2021-04-21T16:39:59.771] [DEBUG] cheese - admin
[2021-04-21T16:39:59.778] [DEBUG] cheese - null
[2021-04-21T16:39:59.778] [DEBUG] cheese - null
[2021-04-21T16:40:03.286] [DEBUG] cheese - login => username:admin,password:123456
[2021-04-21T16:40:03.287] [DEBUG] cheese - admin
[2021-04-21T16:40:03.294] [DEBUG] cheese - null
[2021-04-21T16:40:03.294] [DEBUG] cheese - null
[2021-04-22T15:27:31.424] [DEBUG] cheese - login => username:admin,password:123456
[2021-04-22T15:27:31.426] [DEBUG] cheese - admin
[2021-04-22T15:27:31.461] [DEBUG] cheese - null
[2021-04-22T15:27:31.462] [DEBUG] cheese - null
[2021-04-22T17:24:50.014] [DEBUG] cheese - login => username:123123,password:12312312
[2021-04-22T17:24:50.015] [DEBUG] cheese - 123123
[2021-04-22T17:24:50.036] [DEBUG] cheese - null
[2021-04-22T17:24:50.036] [DEBUG] cheese - null
[2021-04-22T17:25:01.547] [DEBUG] cheese - login => username:admin,password:123456
[2021-04-22T17:25:01.547] [DEBUG] cheese - admin
[2021-04-22T17:25:01.552] [DEBUG] cheese - null
[2021-04-22T17:25:01.553] [DEBUG] cheese - null
[2021-04-22T17:25:17.850] [DEBUG] cheese - login => username:admin,password:123456123
[2021-04-22T17:25:17.850] [DEBUG] cheese - admin
[2021-04-22T17:25:17.855] [DEBUG] cheese - null
[2021-04-22T17:25:17.856] [DEBUG] cheese - null
[2021-04-22T17:27:01.934] [DEBUG] cheese - login => username:admin,password:123456
[2021-04-22T17:27:01.934] [DEBUG] cheese - admin
[2021-04-22T17:27:01.938] [DEBUG] cheese - null
[2021-04-22T17:27:01.938] [DEBUG] cheese - null
[2021-04-22T17:27:03.856] [DEBUG] cheese - login => username:admin,password:123456123
[2021-04-22T17:27:03.856] [DEBUG] cheese - admin
[2021-04-22T17:27:03.858] [DEBUG] cheese - null
[2021-04-22T17:27:03.858] [DEBUG] cheese - null
[2021-04-22T17:27:06.915] [DEBUG] cheese - login => username:admin,password:123456123
[2021-04-22T17:27:06.916] [DEBUG] cheese - admin
[2021-04-22T17:27:06.918] [DEBUG] cheese - null
[2021-04-22T17:27:06.919] [DEBUG] cheese - null
[2021-04-22T17:27:47.084] [DEBUG] cheese - login => username:admin,password:123456
[2021-04-22T17:27:47.084] [DEBUG] cheese - admin
[2021-04-22T17:27:47.087] [DEBUG] cheese - null
[2021-04-22T17:27:47.087] [DEBUG] cheese - null
[2021-04-22T17:45:23.695] [DEBUG] cheese - login => username:admin123,password:123456
[2021-04-22T17:45:23.695] [DEBUG] cheese - admin123
[2021-04-22T17:45:23.698] [DEBUG] cheese - null
[2021-04-22T17:45:23.698] [DEBUG] cheese - null
[2021-04-22T17:48:58.868] [DEBUG] cheese - login => username:admin,password:123456
[2021-04-22T17:48:58.868] [DEBUG] cheese - admin
[2021-04-22T17:48:58.872] [DEBUG] cheese - null
[2021-04-22T17:48:58.872] [DEBUG] cheese - null
[2021-04-22T17:54:11.642] [DEBUG] cheese - login => username:admin,password:123456
[2021-04-22T17:54:11.642] [DEBUG] cheese - admin
[2021-04-22T17:54:11.644] [DEBUG] cheese - null
[2021-04-22T17:54:11.644] [DEBUG] cheese - null
[2021-04-22T17:54:12.247] [DEBUG] cheese - login => username:admin,password:123456
[2021-04-22T17:54:12.248] [DEBUG] cheese - admin
[2021-04-22T17:54:12.252] [DEBUG] cheese - null
[2021-04-22T17:54:12.252] [DEBUG] cheese - null
[2021-04-22T17:54:12.446] [DEBUG] cheese - login => username:admin,password:123456
[2021-04-22T17:54:12.447] [DEBUG] cheese - admin
[2021-04-22T17:54:12.453] [DEBUG] cheese - null
[2021-04-22T17:54:12.453] [DEBUG] cheese - null
[2021-04-22T17:54:12.596] [DEBUG] cheese - login => username:admin,password:123456
[2021-04-22T17:54:12.596] [DEBUG] cheese - admin
[2021-04-22T17:54:12.598] [DEBUG] cheese - null
[2021-04-22T17:54:12.598] [DEBUG] cheese - null
[2021-04-22T17:54:15.558] [DEBUG] cheese - login => username:admin,password:123456
[2021-04-22T17:54:15.558] [DEBUG] cheese - admin
[2021-04-22T17:54:15.563] [DEBUG] cheese - null
[2021-04-22T17:54:15.563] [DEBUG] cheese - null
[2021-04-22T17:54:15.947] [DEBUG] cheese - login => username:admin,password:123456
[2021-04-22T17:54:15.947] [DEBUG] cheese - admin
[2021-04-22T17:54:15.952] [DEBUG] cheese - null
[2021-04-22T17:54:15.952] [DEBUG] cheese - null
[2021-04-22T17:54:16.255] [DEBUG] cheese - login => username:admin,password:123456
[2021-04-22T17:54:16.255] [DEBUG] cheese - admin
[2021-04-22T17:54:16.258] [DEBUG] cheese - null
[2021-04-22T17:54:16.259] [DEBUG] cheese - null
[2021-04-22T17:54:16.445] [DEBUG] cheese - login => username:admin,password:123456
[2021-04-22T17:54:16.446] [DEBUG] cheese - admin
[2021-04-22T17:54:16.452] [DEBUG] cheese - null
[2021-04-22T17:54:16.452] [DEBUG] cheese - null
[2021-04-22T17:54:16.597] [DEBUG] cheese - login => username:admin,password:123456
[2021-04-22T17:54:16.597] [DEBUG] cheese - admin
[2021-04-22T17:54:16.601] [DEBUG] cheese - null
[2021-04-22T17:54:16.601] [DEBUG] cheese - null
[2021-04-22T17:54:20.112] [DEBUG] cheese - login => username:admin,password:123456
[2021-04-22T17:54:20.112] [DEBUG] cheese - admin
[2021-04-22T17:54:20.117] [DEBUG] cheese - null
[2021-04-22T17:54:20.117] [DEBUG] cheese - null
[2021-04-22T17:54:20.545] [DEBUG] cheese - login => username:admin,password:123456
[2021-04-22T17:54:20.545] [DEBUG] cheese - admin
[2021-04-22T17:54:20.549] [DEBUG] cheese - null
[2021-04-22T17:54:20.549] [DEBUG] cheese - null
[2021-04-22T17:54:20.720] [DEBUG] cheese - login => username:admin,password:123456
[2021-04-22T17:54:20.720] [DEBUG] cheese - admin
[2021-04-22T17:54:20.724] [DEBUG] cheese - null
[2021-04-22T17:54:20.724] [DEBUG] cheese - null
[2021-04-22T17:54:20.905] [DEBUG] cheese - login => username:admin,password:123456
[2021-04-22T17:54:20.905] [DEBUG] cheese - admin
[2021-04-22T17:54:20.909] [DEBUG] cheese - null
[2021-04-22T17:54:20.909] [DEBUG] cheese - null
[2021-04-22T17:54:30.937] [DEBUG] cheese - login => username:admin,password:123456
[2021-04-22T17:54:30.937] [DEBUG] cheese - admin
[2021-04-22T17:54:30.940] [DEBUG] cheese - null
[2021-04-22T17:54:30.941] [DEBUG] cheese - null
[2021-04-22T17:54:31.495] [DEBUG] cheese - login => username:admin,password:123456
[2021-04-22T17:54:31.496] [DEBUG] cheese - admin
[2021-04-22T17:54:31.499] [DEBUG] cheese - null
[2021-04-22T17:54:31.500] [DEBUG] cheese - null
[2021-04-22T17:54:35.385] [DEBUG] cheese - login => username:admin,password:123456
[2021-04-22T17:54:35.385] [DEBUG] cheese - admin
[2021-04-22T17:54:35.388] [DEBUG] cheese - null
[2021-04-22T17:54:35.388] [DEBUG] cheese - null
[2021-04-22T17:54:35.880] [DEBUG] cheese - login => username:admin,password:123456
[2021-04-22T17:54:35.881] [DEBUG] cheese - admin
[2021-04-22T17:54:35.885] [DEBUG] cheese - null
[2021-04-22T17:54:35.885] [DEBUG] cheese - null
[2021-04-22T17:54:36.051] [DEBUG] cheese - login => username:admin,password:123456
[2021-04-22T17:54:36.052] [DEBUG] cheese - admin
[2021-04-22T17:54:36.054] [DEBUG] cheese - null
[2021-04-22T17:54:36.054] [DEBUG] cheese - null
[2021-04-22T17:54:36.206] [DEBUG] cheese - login => username:admin,password:123456
[2021-04-22T17:54:36.206] [DEBUG] cheese - admin
[2021-04-22T17:54:36.209] [DEBUG] cheese - null
[2021-04-22T17:54:36.209] [DEBUG] cheese - null
[2021-04-22T17:54:48.748] [DEBUG] cheese - login => username:admin,password:123456
[2021-04-22T17:54:48.748] [DEBUG] cheese - admin
[2021-04-22T17:54:48.751] [DEBUG] cheese - null
[2021-04-22T17:54:48.751] [DEBUG] cheese - null
[2021-04-22T17:54:49.288] [DEBUG] cheese - login => username:admin,password:123456
[2021-04-22T17:54:49.288] [DEBUG] cheese - admin
[2021-04-22T17:54:49.292] [DEBUG] cheese - null
[2021-04-22T17:54:49.292] [DEBUG] cheese - null
[2021-04-22T17:54:55.172] [DEBUG] cheese - login => username:admin,password:123456
[2021-04-22T17:54:55.172] [DEBUG] cheese - admin
[2021-04-22T17:54:55.175] [DEBUG] cheese - null
[2021-04-22T17:54:55.175] [DEBUG] cheese - null
[2021-04-22T17:55:39.321] [DEBUG] cheese - login => username:admin,password:123456
[2021-04-22T17:55:39.321] [DEBUG] cheese - admin
[2021-04-22T17:55:39.325] [DEBUG] cheese - null
[2021-04-22T17:55:39.325] [DEBUG] cheese - null
[2021-04-22T17:56:13.319] [DEBUG] cheese - login => username:admin,password:123456
[2021-04-22T17:56:13.319] [DEBUG] cheese - admin
[2021-04-22T17:56:13.323] [DEBUG] cheese - null
[2021-04-22T17:56:13.323] [DEBUG] cheese - null
[2021-04-22T17:56:14.970] [DEBUG] cheese - login => username:admin,password:1234561
[2021-04-22T17:56:14.970] [DEBUG] cheese - admin
[2021-04-22T17:56:14.972] [DEBUG] cheese - null
[2021-04-22T17:56:14.972] [DEBUG] cheese - null
[2021-04-22T17:56:27.122] [DEBUG] cheese - login => username:admin,password:123456
[2021-04-22T17:56:27.122] [DEBUG] cheese - admin
[2021-04-22T17:56:27.125] [DEBUG] cheese - null
[2021-04-22T17:56:27.125] [DEBUG] cheese - null
[2021-04-22T17:56:28.535] [DEBUG] cheese - login => username:admin,password:1234561
[2021-04-22T17:56:28.535] [DEBUG] cheese - admin
[2021-04-22T17:56:28.539] [DEBUG] cheese - null
[2021-04-22T17:56:28.539] [DEBUG] cheese - null
[2021-04-22T17:56:44.729] [DEBUG] cheese - login => username:admin,password:1234561
[2021-04-22T17:56:44.729] [DEBUG] cheese - admin
[2021-04-22T17:56:44.732] [DEBUG] cheese - null
[2021-04-22T17:56:44.732] [DEBUG] cheese - null
[2021-04-22T17:57:17.981] [DEBUG] cheese - login => username:admin,password:123456
[2021-04-22T17:57:17.981] [DEBUG] cheese - admin
[2021-04-22T17:57:17.984] [DEBUG] cheese - null
[2021-04-22T17:57:17.984] [DEBUG] cheese - null
[2021-04-22T17:57:37.759] [DEBUG] cheese - login => username:admin,password:123456
[2021-04-22T17:57:37.759] [DEBUG] cheese - admin
[2021-04-22T17:57:37.762] [DEBUG] cheese - null
[2021-04-22T17:57:37.762] [DEBUG] cheese - null
[2021-04-22T17:57:53.150] [DEBUG] cheese - login => username:admin,password:123456
[2021-04-22T17:57:53.150] [DEBUG] cheese - admin
[2021-04-22T17:57:53.155] [DEBUG] cheese - null
[2021-04-22T17:57:53.155] [DEBUG] cheese - null
[2021-04-22T17:58:16.881] [DEBUG] cheese - login => username:admin,password:123456
[2021-04-22T17:58:16.881] [DEBUG] cheese - admin
[2021-04-22T17:58:16.885] [DEBUG] cheese - null
[2021-04-22T17:58:16.885] [DEBUG] cheese - null
[2021-04-22T17:58:18.985] [DEBUG] cheese - login => username:admin1,password:123456
[2021-04-22T17:58:18.985] [DEBUG] cheese - admin1
[2021-04-22T17:58:18.987] [DEBUG] cheese - null
[2021-04-22T17:58:18.988] [DEBUG] cheese - null
[2021-04-22T17:58:47.106] [DEBUG] cheese - login => username:admin,password:123456
[2021-04-22T17:58:47.106] [DEBUG] cheese - admin
[2021-04-22T17:58:47.109] [DEBUG] cheese - null
[2021-04-22T17:58:47.109] [DEBUG] cheese - null
[2021-04-22T17:58:48.628] [DEBUG] cheese - login => username:admin,password:123456123
[2021-04-22T17:58:48.628] [DEBUG] cheese - admin
[2021-04-22T17:58:48.630] [DEBUG] cheese - null
[2021-04-22T17:58:48.630] [DEBUG] cheese - null
[2021-04-22T17:59:11.352] [DEBUG] cheese - login => username:admin,password:123456
[2021-04-22T17:59:11.352] [DEBUG] cheese - admin
[2021-04-22T17:59:11.355] [DEBUG] cheese - null
[2021-04-22T17:59:11.355] [DEBUG] cheese - null
[2021-04-22T17:59:13.736] [DEBUG] cheese - login => username:admin,password:1234561
[2021-04-22T17:59:13.737] [DEBUG] cheese - admin
[2021-04-22T17:59:13.740] [DEBUG] cheese - null
[2021-04-22T17:59:13.740] [DEBUG] cheese - null
[2021-04-22T18:01:07.735] [DEBUG] cheese - login => username:admin,password:123456
[2021-04-22T18:01:07.736] [DEBUG] cheese - admin
[2021-04-22T18:01:07.739] [DEBUG] cheese - null
[2021-04-22T18:01:07.739] [DEBUG] cheese - null
[2021-04-22T18:01:09.774] [DEBUG] cheese - login => username:admin1,password:123456
[2021-04-22T18:01:09.774] [DEBUG] cheese - admin1
[2021-04-22T18:01:09.776] [DEBUG] cheese - null
[2021-04-22T18:01:09.776] [DEBUG] cheese - null
[2021-04-22T18:01:35.159] [DEBUG] cheese - login => username:admin,password:123456
[2021-04-22T18:01:35.159] [DEBUG] cheese - admin
[2021-04-22T18:01:35.161] [DEBUG] cheese - null
[2021-04-22T18:01:35.161] [DEBUG] cheese - null
[2021-04-22T18:01:48.399] [DEBUG] cheese - login => username:admin1,password:123456
[2021-04-22T18:01:48.399] [DEBUG] cheese - admin1
[2021-04-22T18:01:48.402] [DEBUG] cheese - null
[2021-04-22T18:01:48.402] [DEBUG] cheese - null
[2021-04-22T18:01:51.803] [DEBUG] cheese - login => username:admin1,password:123456
[2021-04-22T18:01:51.803] [DEBUG] cheese - admin1
[2021-04-22T18:01:51.807] [DEBUG] cheese - null
[2021-04-22T18:01:51.807] [DEBUG] cheese - null
[2021-04-22T18:02:38.026] [DEBUG] cheese - login => username:admin,password:123456
[2021-04-22T18:02:38.026] [DEBUG] cheese - admin
[2021-04-22T18:02:38.029] [DEBUG] cheese - null
[2021-04-22T18:02:38.029] [DEBUG] cheese - null
[2021-04-22T18:02:40.100] [DEBUG] cheese - login => username:admin123,password:123456
[2021-04-22T18:02:40.100] [DEBUG] cheese - admin123
[2021-04-22T18:02:40.105] [DEBUG] cheese - null
[2021-04-22T18:02:40.105] [DEBUG] cheese - null
[2021-04-22T18:02:42.058] [DEBUG] cheese - login => username:admin123,password:123456123
[2021-04-22T18:02:42.058] [DEBUG] cheese - admin123
[2021-04-22T18:02:42.062] [DEBUG] cheese - null
[2021-04-22T18:02:42.062] [DEBUG] cheese - null
[2021-04-22T18:02:43.841] [DEBUG] cheese - login => username:admin123,password:123456123
[2021-04-22T18:02:43.841] [DEBUG] cheese - admin123
[2021-04-22T18:02:43.844] [DEBUG] cheese - null
[2021-04-22T18:02:43.844] [DEBUG] cheese - null
[2021-04-22T18:02:47.190] [DEBUG] cheese - login => username:admin,password:123456123
[2021-04-22T18:02:47.190] [DEBUG] cheese - admin
[2021-04-22T18:02:47.193] [DEBUG] cheese - null
[2021-04-22T18:02:47.193] [DEBUG] cheese - null
[2021-04-22T18:02:59.551] [DEBUG] cheese - login => username:admin,password:123456
[2021-04-22T18:02:59.551] [DEBUG] cheese - admin
[2021-04-22T18:02:59.554] [DEBUG] cheese - null
[2021-04-22T18:02:59.554] [DEBUG] cheese - null
[2021-04-22T18:03:16.123] [DEBUG] cheese - login => username:admin,password:123456
[2021-04-22T18:03:16.123] [DEBUG] cheese - admin
[2021-04-22T18:03:16.126] [DEBUG] cheese - null
[2021-04-22T18:03:16.126] [DEBUG] cheese - null
[2021-04-22T18:03:17.965] [DEBUG] cheese - login => username:admin123,password:123456
[2021-04-22T18:03:17.965] [DEBUG] cheese - admin123
[2021-04-22T18:03:17.968] [DEBUG] cheese - null
[2021-04-22T18:03:17.969] [DEBUG] cheese - null
[2021-04-24T14:25:33.903] [DEBUG] cheese - login => username:admin,password:123456
[2021-04-24T14:25:33.905] [DEBUG] cheese - admin
[2021-04-24T14:25:33.949] [DEBUG] cheese - null
[2021-04-24T14:25:33.950] [DEBUG] cheese - null
[2021-04-26T09:16:10.137] [DEBUG] cheese - login => username:admin,password:123456
[2021-04-26T09:16:10.140] [DEBUG] cheese - admin
[2021-04-26T09:16:10.163] [DEBUG] cheese - null
[2021-04-26T09:16:10.164] [DEBUG] cheese - null
[2021-04-26T18:28:46.214] [DEBUG] cheese - login => username:admin,password:123456
[2021-04-26T18:28:46.216] [DEBUG] cheese - admin
[2021-04-26T18:28:46.232] [DEBUG] cheese - null
[2021-04-26T18:28:46.233] [DEBUG] cheese - null
[2021-04-26T18:29:01.837] [DEBUG] cheese - login => username:12345,password:123456
[2021-04-26T18:29:01.838] [DEBUG] cheese - 12345
[2021-04-26T18:29:01.841] [DEBUG] cheese - null
[2021-04-26T18:29:01.841] [DEBUG] cheese - null
[2021-04-26T18:40:58.869] [DEBUG] cheese - login => username:12345,password:123456
[2021-04-26T18:40:58.870] [DEBUG] cheese - 12345
[2021-04-26T18:40:58.881] [DEBUG] cheese - null
[2021-04-26T18:40:58.881] [DEBUG] cheese - null
[2021-04-26T19:02:43.343] [DEBUG] cheese - login => username:12345,password:asdfgh
[2021-04-26T19:02:43.343] [DEBUG] cheese - 12345
[2021-04-26T19:02:43.352] [DEBUG] cheese - null
[2021-04-26T19:02:43.352] [DEBUG] cheese - null
[2021-04-26T19:02:53.169] [DEBUG] cheese - login => username:admin,password:123456
[2021-04-26T19:02:53.169] [DEBUG] cheese - admin
[2021-04-26T19:02:53.178] [DEBUG] cheese - null
[2021-04-26T19:02:53.178] [DEBUG] cheese - null
[2021-04-26T19:08:13.957] [DEBUG] cheese - login => username:12345,password:123456
[2021-04-26T19:08:13.957] [DEBUG] cheese - 12345
[2021-04-26T19:08:13.960] [DEBUG] cheese - null
[2021-04-26T19:08:13.960] [DEBUG] cheese - null
[2021-04-26T19:08:35.601] [DEBUG] cheese - login => username:admin,password:123456
[2021-04-26T19:08:35.601] [DEBUG] cheese - admin
[2021-04-26T19:08:35.605] [DEBUG] cheese - null
[2021-04-26T19:08:35.605] [DEBUG] cheese - null
[2021-04-26T19:13:46.033] [DEBUG] cheese - login => username:admin,password:123456
[2021-04-26T19:13:46.033] [DEBUG] cheese - admin
[2021-04-26T19:13:46.036] [DEBUG] cheese - null
[2021-04-26T19:13:46.036] [DEBUG] cheese - null
[2021-04-26T19:14:55.798] [DEBUG] cheese - login => username:admin,password:123456
[2021-04-26T19:14:55.799] [DEBUG] cheese - admin
[2021-04-26T19:14:55.802] [DEBUG] cheese - null
[2021-04-26T19:14:55.802] [DEBUG] cheese - null
[2021-04-26T19:26:48.504] [DEBUG] cheese - login => username:admin,password:123456
[2021-04-26T19:26:48.504] [DEBUG] cheese - admin
[2021-04-26T19:26:48.508] [DEBUG] cheese - null
[2021-04-26T19:26:48.509] [DEBUG] cheese - null
[2021-04-26T19:31:57.480] [DEBUG] cheese - login => username:admin,password:123456
[2021-04-26T19:31:57.480] [DEBUG] cheese - admin
[2021-04-26T19:31:57.484] [DEBUG] cheese - null
[2021-04-26T19:31:57.484] [DEBUG] cheese - null
[2021-04-26T21:08:58.218] [DEBUG] cheese - login => username:admin,password:123456
[2021-04-26T21:08:58.218] [DEBUG] cheese - admin
[2021-04-26T21:08:58.224] [DEBUG] cheese - null
[2021-04-26T21:08:58.224] [DEBUG] cheese - null
[2021-04-26T21:10:31.370] [DEBUG] cheese - login => username:admin,password:123456
[2021-04-26T21:10:31.370] [DEBUG] cheese - admin
[2021-04-26T21:10:31.374] [DEBUG] cheese - null
[2021-04-26T21:10:31.374] [DEBUG] cheese - null
[2021-04-27T08:18:54.133] [DEBUG] cheese - login => username:admin,password:123456
[2021-04-27T08:18:54.136] [DEBUG] cheese - admin
[2021-04-27T08:18:54.162] [DEBUG] cheese - null
[2021-04-27T08:18:54.163] [DEBUG] cheese - null
[2021-04-27T08:20:44.163] [DEBUG] cheese - login => username:admin,password:123456
[2021-04-27T08:20:44.163] [DEBUG] cheese - admin
[2021-04-27T08:20:44.167] [DEBUG] cheese - null
[2021-04-27T08:20:44.167] [DEBUG] cheese - null
[2021-04-27T08:29:27.850] [DEBUG] cheese - login => username:admin,password:123456
[2021-04-27T08:29:27.851] [DEBUG] cheese - admin
[2021-04-27T08:29:27.855] [DEBUG] cheese - null
[2021-04-27T08:29:27.856] [DEBUG] cheese - null
[2021-04-27T14:13:20.238] [DEBUG] cheese - login => username:admin,password:123456
[2021-04-27T14:13:20.239] [DEBUG] cheese - admin
[2021-04-27T14:13:20.248] [DEBUG] cheese - null
[2021-04-27T14:13:20.248] [DEBUG] cheese - null
[2021-04-27T14:27:33.479] [DEBUG] cheese - login => username:admin,password:123456
[2021-04-27T14:27:33.479] [DEBUG] cheese - admin
[2021-04-27T14:27:33.482] [DEBUG] cheese - null
[2021-04-27T14:27:33.482] [DEBUG] cheese - null
[2021-04-27T14:44:17.655] [DEBUG] cheese - login => username:admin,password:123456
[2021-04-27T14:44:17.656] [DEBUG] cheese - admin
[2021-04-27T14:44:17.659] [DEBUG] cheese - null
[2021-04-27T14:44:17.659] [DEBUG] cheese - null
[2021-04-27T15:13:23.640] [DEBUG] cheese - login => username:admin,password:123456
[2021-04-27T15:13:23.640] [DEBUG] cheese - admin
[2021-04-27T15:13:23.644] [DEBUG] cheese - null
[2021-04-27T15:13:23.644] [DEBUG] cheese - null
[2021-04-27T16:53:37.587] [DEBUG] cheese - login => username:admin,password:123456
[2021-04-27T16:53:37.587] [DEBUG] cheese - admin
[2021-04-27T16:53:37.591] [DEBUG] cheese - null
[2021-04-27T16:53:37.592] [DEBUG] cheese - null
[2021-04-28T10:56:27.138] [DEBUG] cheese - login => username:admin,password:123456
[2021-04-28T10:56:27.139] [DEBUG] cheese - admin
[2021-04-28T10:56:27.157] [DEBUG] cheese - null
[2021-04-28T10:56:27.158] [DEBUG] cheese - null
[2021-04-28T11:45:11.160] [DEBUG] cheese - login => username:admin,password:123456
[2021-04-28T11:45:11.160] [DEBUG] cheese - admin
[2021-04-28T11:45:11.165] [DEBUG] cheese - null
[2021-04-28T11:45:11.165] [DEBUG] cheese - null
[2021-04-28T14:42:08.197] [DEBUG] cheese - login => username:admin,password:123456
[2021-04-28T14:42:08.197] [DEBUG] cheese - admin
[2021-04-28T14:42:08.203] [DEBUG] cheese - null
[2021-04-28T14:42:08.203] [DEBUG] cheese - null
[2021-04-28T14:50:50.285] [DEBUG] cheese - login => username:admin,password:123456
[2021-04-28T14:50:50.285] [DEBUG] cheese - admin
[2021-04-28T14:50:50.289] [DEBUG] cheese - null
[2021-04-28T14:50:50.290] [DEBUG] cheese - null
[2021-04-28T19:40:04.785] [DEBUG] cheese - null
[2021-04-29T09:01:31.662] [DEBUG] cheese - login => username:admin,password:123456
[2021-04-29T09:01:31.665] [DEBUG] cheese - admin
[2021-04-29T09:01:31.685] [DEBUG] cheese - null
[2021-04-29T09:01:31.686] [DEBUG] cheese - null
[2021-04-29T09:01:57.272] [DEBUG] cheese - login => username:admin,password:123456
[2021-04-29T09:01:57.272] [DEBUG] cheese - admin
[2021-04-29T09:01:57.275] [DEBUG] cheese - null
[2021-04-29T09:01:57.276] [DEBUG] cheese - null
[2021-04-29T09:07:09.468] [DEBUG] cheese - login => username:admin,password:123456
[2021-04-29T09:07:09.468] [DEBUG] cheese - admin
[2021-04-29T09:07:09.472] [DEBUG] cheese - null
[2021-04-29T09:07:09.472] [DEBUG] cheese - null
[2021-04-29T10:04:28.559] [DEBUG] cheese - login => username:admin,password:123456
[2021-04-29T10:04:28.559] [DEBUG] cheese - admin
[2021-04-29T10:04:28.563] [DEBUG] cheese - null
[2021-04-29T10:04:28.563] [DEBUG] cheese - null
[2021-04-29T14:18:31.949] [DEBUG] cheese - login => username:admin,password:123456
[2021-04-29T14:18:31.951] [DEBUG] cheese - admin
[2021-04-29T14:18:31.956] [DEBUG] cheese - null
[2021-04-29T14:18:31.956] [DEBUG] cheese - null
[2021-04-29T17:21:36.145] [DEBUG] cheese - login => username:admin,password:123456
[2021-04-29T17:21:36.147] [DEBUG] cheese - admin
[2021-04-29T17:21:36.153] [DEBUG] cheese - null
[2021-04-29T17:21:36.153] [DEBUG] cheese - null
[2021-04-30T09:03:11.332] [DEBUG] cheese - login => username:admin,password:123456
[2021-04-30T09:03:11.336] [DEBUG] cheese - admin
[2021-04-30T09:03:11.358] [DEBUG] cheese - null
[2021-04-30T09:03:11.359] [DEBUG] cheese - null
[2021-04-30T09:12:11.062] [DEBUG] cheese - login => username:admin,password:123456
[2021-04-30T09:12:11.062] [DEBUG] cheese - admin
[2021-04-30T09:12:11.070] [DEBUG] cheese - null
[2021-04-30T09:12:11.071] [DEBUG] cheese - null
[2021-04-30T14:52:25.000] [DEBUG] cheese - login => username:admin,password:123456
[2021-04-30T14:52:25.002] [DEBUG] cheese - admin
[2021-04-30T14:52:25.010] [DEBUG] cheese - null
[2021-04-30T14:52:25.011] [DEBUG] cheese - null
